\BOOKMARK [1][-]{section*.1}{Acknowledgements}{}% 1
\BOOKMARK [1][-]{section*.1}{Contents}{}% 2
\BOOKMARK [1][-]{section*.2}{List\040of\040Figures}{}% 3
\BOOKMARK [1][-]{section*.3}{List\040of\040Tables}{}% 4
\BOOKMARK [1][-]{section*.4}{List\040of\040Abbreviations}{}% 5
\BOOKMARK [1][-]{section.1}{Introduction}{}% 6
\BOOKMARK [2][-]{subsection.1.1}{Motivation}{section.1}% 7
\BOOKMARK [2][-]{subsection.1.2}{Research\040Question}{section.1}% 8
\BOOKMARK [2][-]{subsection.1.3}{Research\040Goal}{section.1}% 9
\BOOKMARK [2][-]{subsection.1.4}{Methodology}{section.1}% 10
\BOOKMARK [2][-]{subsection.1.5}{Thesis\040Structure}{section.1}% 11
\BOOKMARK [1][-]{section.2}{Related\040Work}{}% 12
\BOOKMARK [2][-]{subsection.2.1}{Automated\040Content\040Creation}{section.2}% 13
\BOOKMARK [2][-]{subsection.2.2}{Graph\040Generation}{section.2}% 14
\BOOKMARK [2][-]{subsection.2.3}{User\040In\040Motion\040MR}{section.2}% 15
\BOOKMARK [2][-]{subsection.2.4}{AR\040Interfaces}{section.2}% 16
\BOOKMARK [1][-]{section.3}{Approach}{}% 17
\BOOKMARK [2][-]{subsection.3.1}{Concept}{section.3}% 18
\BOOKMARK [2][-]{subsection.3.2}{Design\040Process}{section.3}% 19
\BOOKMARK [2][-]{subsection.3.3}{VR\040Model\040Building}{section.3}% 20
\BOOKMARK [2][-]{subsection.3.4}{Information\040Processing}{section.3}% 21
\BOOKMARK [1][-]{section.4}{Implementation}{}% 22
\BOOKMARK [2][-]{subsection.4.1}{Unity\040Prefab\040Creation}{section.4}% 23
\BOOKMARK [3][-]{subsubsection.4.1.1}{Point\040of\040View}{subsection.4.1}% 24
\BOOKMARK [3][-]{subsubsection.4.1.2}{GroupNode}{subsection.4.1}% 25
\BOOKMARK [3][-]{subsubsection.4.1.3}{PaperNode}{subsection.4.1}% 26
\BOOKMARK [3][-]{subsubsection.4.1.4}{ImageHolder}{subsection.4.1}% 27
\BOOKMARK [3][-]{subsubsection.4.1.5}{InfoPanel}{subsection.4.1}% 28
\BOOKMARK [2][-]{subsection.4.2}{Constraints}{section.4}% 29
\BOOKMARK [3][-]{subsubsection.4.2.1}{Graph\040Symmetry}{subsection.4.2}% 30
\BOOKMARK [3][-]{subsubsection.4.2.2}{AR\040Content\040Placement}{subsection.4.2}% 31
\BOOKMARK [3][-]{subsubsection.4.2.3}{Height\040Allocation}{subsection.4.2}% 32
\BOOKMARK [2][-]{subsection.4.3}{Tools}{section.4}% 33
\BOOKMARK [3][-]{subsubsection.4.3.1}{Unity\0403D}{subsection.4.3}% 34
\BOOKMARK [3][-]{subsubsection.4.3.2}{Visual\040Studio\040Code}{subsection.4.3}% 35
\BOOKMARK [3][-]{subsubsection.4.3.3}{Visual\040Studio\040Community\0402017}{subsection.4.3}% 36
\BOOKMARK [3][-]{subsubsection.4.3.4}{Mixed\040Reality\040Toolkit\040\(MRTK\)}{subsection.4.3}% 37
\BOOKMARK [3][-]{subsubsection.4.3.5}{Microsoft\040HoloLens\040Emulator}{subsection.4.3}% 38
\BOOKMARK [3][-]{subsubsection.4.3.6}{Microsoft\040HoloLens}{subsection.4.3}% 39
\BOOKMARK [3][-]{subsubsection.4.3.7}{Programming\040Language\040C#}{subsection.4.3}% 40
\BOOKMARK [3][-]{subsubsection.4.3.8}{TextMeshPro}{subsection.4.3}% 41
\BOOKMARK [1][-]{section.5}{Evaluation\040Plan}{}% 42
\BOOKMARK [1][-]{section.6}{Conclusion}{}% 43
\BOOKMARK [2][-]{subsection.6.1}{Summary}{section.6}% 44
\BOOKMARK [2][-]{subsection.6.2}{Outlook}{section.6}% 45
\BOOKMARK [1][-]{section*.5}{References}{}% 46
\BOOKMARK [1][-]{section*.6}{Statement\040in\040Lieu\040of\040an\040Oath}{}% 47
